<?xml version="1.0" encoding="UTF-8"?>
<!-- Generated by org.testng.reporters.JUnitReportReporter -->
<testsuite hostname="DESKTOP-APTJAVT" failures="0" tests="1" name="tests.userTest" time="2.888" errors="0" timestamp="2025-08-12T15:57:08 EET" skipped="0">
  <testcase classname="tests.userTest" name="myAccount" time="2.888"/>
</testsuite> <!-- tests.userTest -->
